uvicorn : 2026-07-24 14:44:09,341 [WARNING] app.services.music_analyzer: librosa not installed ù music analysis 
disabled
At line:1 char:180
+ ... h','User'); uvicorn app.main:app --host 0.0.0.0 --port 8000 --log-lev ...
+                 ~~~~~~~~~~~~~~~~~~~~~~~~~~~~~~~~~~~~~~~~~~~~~~~~~~~~~~~~~
    + CategoryInfo          : NotSpecified: (2026-07-24 14:4...alysis disabled:String) [], RemoteException
    + FullyQualifiedErrorId : NativeCommandError
 
INFO:     Started server process [728]
INFO:     Waiting for application startup.
INFO:     Application startup complete.
INFO:     Uvicorn running on http://0.0.0.0:8000 (Press CTRL+C to quit)
INFO:     127.0.0.1:53085 - "GET /api/health HTTP/1.1" 200 OK
INFO:     127.0.0.1:53090 - "POST /api/upload-video HTTP/1.1" 200 OK
INFO:     127.0.0.1:53093 - "POST /api/generate HTTP/1.1" 200 OK
2026-07-24 14:44:25,942 [INFO] app.services.video_processor: Filter graph (24 segs): [0:v]trim=start=0.0:end=1.0,setpts
=PTS/1.0,eq=contrast=1.12:saturation=1.1:brightness=0.0[v0];[0:v]trim=start=0.0:end=1.0,setpts=PTS/0.6667,eq=contrast=1
.12:saturation=1.1:brightness=0.0[v1];[0:v]trim=start=0.0:end=1.0,setpts=PTS/1.0,eq=contrast=1.12:saturation=1.1:bright
ness=0.0[v2];[0:v]trim=start=0.0:end=1.0,setpts=PTS/1.0,eq=contrast=1.12:saturation=1.1:brightness=0.0[v3];[0:v]trim=st
art=0.0:end=1.0,setpts=PTS/0.6667,eq=contrast=1.12:saturation=1.1:brightness=0.0[v4];[0:v]trim=start=2.0:end=3.0,setpts
=PTS/1.0,eq=contrast=1.12:saturation=1.1:brightness=0.0[v5];[0:v]trim=start=2.0:end=3.0,setpts=PTS/1.0,eq=contrast=1.12
:saturation=1.1:brightness=0.0[v6];[0:v]trim=start=2.0:end=3.0,setpts=PTS/0.6667,eq=contrast=1.12:saturation=1.1:bright
ness=0.0[v7];[0:v]trim=start=2.0:end=3.0,setpts=PTS/1.0,eq=contrast=1.12:saturation=1.1:brightness=0.0[v8];[0:v]trim=st
art=2.0:end=3.0,setpts=PTS/1.0,eq=contrast=1.12:saturation=1.1:brightness=0.0[v9];[0:v]trim=start=4.0:end=5.0,setpts=PT
S/0.6667,eq=co...
2026-07-24 14:44:25,942 [INFO] app.services.video_processor: FFmpeg cmd: ffmpeg -y -i 
D:\development\EDITING\backend\uploads\a4cec19e-c21e-402d-a73d-8776a7983b64.mp4 -i 
D:\development\EDITING\backend\uploads\builtin_neon.wav -filter_complex [0:v]trim=start=0.0:end=1.0,setpts=PTS/1.0,eq=c
ontrast=1.12:saturation=1.1:brightness=0.0[v0];[0:v]trim=start=0.0:end=1.0,setpts=PTS/0.6667,eq=contrast=1.12:saturatio
n=1.1:brightness=0.0[v1];[0:v]trim=start=0.0:end=1.0,setpts=PTS/1.0,eq=contrast=1.12:saturation=1.1:brightness=0.0[v2];
[0:v]trim=start=0.0:end=1.0,setpts=PTS/1.0,eq=contrast=1.12:saturation=1.1:brightness=0.0[v3];[0:v]trim=start=0.0:end=1
.0,setpts=PTS/0.6667,eq=contrast=1.12:saturation=1.1:brightness=0.0[v4];[0:v]trim=start=2.0:end=3.0,setpts=PTS/1.0,eq=c
ontrast=1.12:saturation=1.1:brightness=0.0[v5];[0:v]trim=start=2.0:end=3.0,setpts=PTS/1.0,eq=contrast=1.12:saturation=1
.1:brightness=0.0[v6];[0:v]trim=start=2.0:end=3.0,setpts=PTS/0.6667,eq=contrast=1.12:saturation=1.1:brightness=0.0[v7];
[0:v]trim=start=2.0:end=3.0,setpts=PTS/1.0,eq=contrast=1.12:saturation=1.1:brightness=0.0[v8];[0:v]trim=start=2.0:end=3
.0,setpts=PTS/1.0,eq=contrast=1.12:saturation=1.1:brightness=0.0[v9];[0:v]trim=start=4.0:end=5.0,setpts=PTS/0.6667,eq=c
ontrast=1.12:saturation=1.1:brightness=0.0[v10];[0:v]trim=start=4.0:end=5.0,setpts=PTS/1.0,eq=contrast=1.12:saturation=
1.1:brightness=0.0[v11];[0:v]trim=start=4.0:end=5.0,setpts=PTS/0.6667,eq=contrast=1.12:saturation=1.1:brightness=0.0[v1
2];[0:v]trim=start=4.0:end=5.0,setpts=PTS/1.0,eq=contrast=1.12:saturation=1.1:brightness=0.0[v13];[0:v]trim=start=4.0:e
nd=5.0,setpts=PTS/1.0,eq=contrast=1.12:saturation=1.1:brightness=0.0[v14];[0:v]trim=start=6.0:end=7.0,setpts=PTS/0.6667
,eq=contrast=1.12:saturation=1.1:brightness=0.0[v15];[0:v]trim=start=6.0:end=7.0,setpts=PTS/1.0,eq=contrast=1.12:satura
tion=1.1:brightness=0.0[v16];[0:v]trim=start=6.0:end=7.0,setpts=PTS/1.0,eq=contrast=1.12:saturation=1.1:brightness=0.0[
v17];[0:v]trim=start=6.0:end=7.0,setpts=PTS/0.6667,eq=contrast=1.12:saturation=1.1:brightness=0.0[v18];[0:v]trim=start=
6.0:end=7.0,setpts=PTS/1.0,eq=contrast=1.12:saturation=1.1:brightness=0.0[v19];[0:v]trim=start=8.0:end=9.0,setpts=PTS/1
.0,eq=contrast=1.12:saturation=1.1:brightness=0.0[v20];[0:v]trim=start=8.0:end=9.0,setpts=PTS/0.6667,eq=contrast=1.12:s
aturation=1.1:brightness=0.0[v21];[0:v]trim=start=8.0:end=9.0,setpts=PTS/1.0,eq=contrast=1.12:saturation=1.1:brightness
=0.0[v22];[0:v]trim=start=8.0:end=10.0,setpts=PTS/4.0,eq=contrast=1.12:saturation=1.1:brightness=0.0[v23];[v0][v1][v2][
v3][v4][v5][v6][v7][v8][v9][v10][v11][v12][v13][v14][v15][v16][v17][v18][v19][v20][v21][v22][v23]concat=n=24:v=1:a=0[ou
tv];[0:a]volume=0.3[a0];[1:a]volume=0.7[a1];[a0][a1]amix=inputs=2:duration=first[aout] -map [outv] ...
INFO:     127.0.0.1:50654 - "GET /api/status/2e54bf59-32e5-40c4-90e6-13bb6bcb9461 HTTP/1.1" 200 OK
INFO:     127.0.0.1:50658 - "GET /api/download/2e54bf59-32e5-40c4-90e6-13bb6bcb9461.mp4 HTTP/1.1" 200 OK
